<?xml version="1.0" encoding="UTF-8"?>
<!-- Generated by org.testng.reporters.JUnitReportReporter -->
<testsuite skipped="0" hostname="LAPTOP-TBBKICN8" name="TestNGClass" tests="1" failures="0" timestamp="10 Apr 2018 07:36:26 GMT" time="94.298" errors="0">
  <testcase name="launchapp" time="94.298" classname="TestNGClass"/>
</testsuite> <!-- TestNGClass -->
