<?xml version="1.0" encoding="UTF-8"?>
<!-- Generated by org.testng.reporters.JUnitReportReporter -->
<testsuite skipped="0" hostname="LAPTOP-TBBKICN8" name="TestNGClass" tests="1" failures="0" timestamp="26 Mar 2018 22:25:15 GMT" time="246.669" errors="0">
  <testcase name="launchapp" time="246.669" classname="TestNGClass"/>
</testsuite> <!-- TestNGClass -->
